<?xml version="1.0" encoding="UTF-8"?>
<testng-results skipped="0" failed="0" total="1" passed="1">
  <reporter-output>
  </reporter-output>
  <suite name="Default suite" duration-ms="2064" started-at="2016-08-02T13:33:09Z" finished-at="2016-08-02T13:33:11Z">
    <groups>
    </groups>
    <test name="Default test" duration-ms="2064" started-at="2016-08-02T13:33:09Z" finished-at="2016-08-02T13:33:11Z">
      <class name="testingFiles.DependancyTest1">
        <test-method status="PASS" signature="Testing1()[pri:0, instance:testingFiles.DependancyTest1@3aa3cf94]" name="Testing1" duration-ms="2045" started-at="2016-08-02T16:33:09Z" finished-at="2016-08-02T16:33:11Z">
          <reporter-output>
          </reporter-output>
        </test-method> <!-- Testing1 -->
      </class> <!-- testingFiles.DependancyTest1 -->
    </test> <!-- Default test -->
  </suite> <!-- Default suite -->
</testng-results>
